[2025-06-05T08:48:17.804+0000] {local_task_job_runner.py:123} INFO - ::group::Pre task execution logs
[2025-06-05T08:48:17.818+0000] {taskinstance.py:2614} INFO - Dependencies all met for dep_context=non-requeueable deps ti=<TaskInstance: spark_wordcount.run_wordcount manual__2025-06-05T08:48:16.599257+00:00 [queued]>
[2025-06-05T08:48:17.826+0000] {taskinstance.py:2614} INFO - Dependencies all met for dep_context=requeueable deps ti=<TaskInstance: spark_wordcount.run_wordcount manual__2025-06-05T08:48:16.599257+00:00 [queued]>
[2025-06-05T08:48:17.826+0000] {taskinstance.py:2867} INFO - Starting attempt 1 of 1
[2025-06-05T08:48:17.838+0000] {taskinstance.py:2890} INFO - Executing <Task(SparkSubmitOperator): run_wordcount> on 2025-06-05 08:48:16.599257+00:00
[2025-06-05T08:48:17.844+0000] {standard_task_runner.py:104} INFO - Running: ['***', 'tasks', 'run', 'spark_wordcount', 'run_wordcount', 'manual__2025-06-05T08:48:16.599257+00:00', '--job-id', '3', '--raw', '--subdir', 'DAGS_FOLDER/test_spark.py', '--cfg-path', '/tmp/tmp1nzzvr_i']
[2025-06-05T08:48:17.846+0000] {standard_task_runner.py:105} INFO - Job 3: Subtask run_wordcount
[2025-06-05T08:48:17.847+0000] {logging_mixin.py:190} WARNING - /home/***/.local/lib/python3.12/site-packages/***/task/task_runner/standard_task_runner.py:70 DeprecationWarning: This process (pid=471) is multi-threaded, use of fork() may lead to deadlocks in the child.
[2025-06-05T08:48:17.848+0000] {standard_task_runner.py:72} INFO - Started process 472 to run task
[2025-06-05T08:48:17.888+0000] {task_command.py:467} INFO - Running <TaskInstance: spark_wordcount.run_wordcount manual__2025-06-05T08:48:16.599257+00:00 [running]> on host d8f42655c8a1
[2025-06-05T08:48:17.972+0000] {taskinstance.py:3134} INFO - Exporting env vars: AIRFLOW_CTX_DAG_OWNER='Polakorn Anantapakorn' AIRFLOW_CTX_DAG_ID='spark_wordcount' AIRFLOW_CTX_TASK_ID='run_wordcount' AIRFLOW_CTX_EXECUTION_DATE='2025-06-05T08:48:16.599257+00:00' AIRFLOW_CTX_TRY_NUMBER='1' AIRFLOW_CTX_DAG_RUN_ID='manual__2025-06-05T08:48:16.599257+00:00'
[2025-06-05T08:48:17.972+0000] {taskinstance.py:732} INFO - ::endgroup::
[2025-06-05T08:48:17.993+0000] {base.py:84} INFO - Retrieving connection 'spark_default'
[2025-06-05T08:48:17.994+0000] {spark_submit.py:351} INFO - Spark-Submit cmd: spark-submit --master spark://spark-master:7077 --name arrow-spark --verbose /app/wordcount.py
[2025-06-05T08:48:18.989+0000] {spark_submit.py:521} INFO - Using properties file: null
[2025-06-05T08:48:19.087+0000] {spark_submit.py:521} INFO - Parsed arguments:
[2025-06-05T08:48:19.088+0000] {spark_submit.py:521} INFO - master                  spark://spark-master:7077
[2025-06-05T08:48:19.088+0000] {spark_submit.py:521} INFO - remote                  null
[2025-06-05T08:48:19.089+0000] {spark_submit.py:521} INFO - deployMode              null
[2025-06-05T08:48:19.089+0000] {spark_submit.py:521} INFO - executorMemory          null
[2025-06-05T08:48:19.089+0000] {spark_submit.py:521} INFO - executorCores           null
[2025-06-05T08:48:19.090+0000] {spark_submit.py:521} INFO - totalExecutorCores      null
[2025-06-05T08:48:19.090+0000] {spark_submit.py:521} INFO - propertiesFile          null
[2025-06-05T08:48:19.090+0000] {spark_submit.py:521} INFO - driverMemory            null
[2025-06-05T08:48:19.091+0000] {spark_submit.py:521} INFO - driverCores             null
[2025-06-05T08:48:19.091+0000] {spark_submit.py:521} INFO - driverExtraClassPath    null
[2025-06-05T08:48:19.091+0000] {spark_submit.py:521} INFO - driverExtraLibraryPath  null
[2025-06-05T08:48:19.092+0000] {spark_submit.py:521} INFO - driverExtraJavaOptions  null
[2025-06-05T08:48:19.092+0000] {spark_submit.py:521} INFO - supervise               false
[2025-06-05T08:48:19.092+0000] {spark_submit.py:521} INFO - queue                   null
[2025-06-05T08:48:19.092+0000] {spark_submit.py:521} INFO - numExecutors            null
[2025-06-05T08:48:19.093+0000] {spark_submit.py:521} INFO - files                   null
[2025-06-05T08:48:19.093+0000] {spark_submit.py:521} INFO - pyFiles                 null
[2025-06-05T08:48:19.093+0000] {spark_submit.py:521} INFO - archives                null
[2025-06-05T08:48:19.094+0000] {spark_submit.py:521} INFO - mainClass               null
[2025-06-05T08:48:19.094+0000] {spark_submit.py:521} INFO - primaryResource         file:/app/wordcount.py
[2025-06-05T08:48:19.094+0000] {spark_submit.py:521} INFO - name                    arrow-spark
[2025-06-05T08:48:19.094+0000] {spark_submit.py:521} INFO - childArgs               []
[2025-06-05T08:48:19.095+0000] {spark_submit.py:521} INFO - jars                    null
[2025-06-05T08:48:19.095+0000] {spark_submit.py:521} INFO - packages                null
[2025-06-05T08:48:19.095+0000] {spark_submit.py:521} INFO - packagesExclusions      null
[2025-06-05T08:48:19.096+0000] {spark_submit.py:521} INFO - repositories            null
[2025-06-05T08:48:19.096+0000] {spark_submit.py:521} INFO - verbose                 true
[2025-06-05T08:48:19.096+0000] {spark_submit.py:521} INFO - 
[2025-06-05T08:48:19.097+0000] {spark_submit.py:521} INFO - Spark properties used, including those specified through
[2025-06-05T08:48:19.097+0000] {spark_submit.py:521} INFO - --conf and those from the properties file null:
[2025-06-05T08:48:19.097+0000] {spark_submit.py:521} INFO - 
[2025-06-05T08:48:19.098+0000] {spark_submit.py:521} INFO - 
[2025-06-05T08:48:19.098+0000] {spark_submit.py:521} INFO - 
[2025-06-05T08:48:19.301+0000] {spark_submit.py:521} INFO - Main class:
[2025-06-05T08:48:19.302+0000] {spark_submit.py:521} INFO - org.apache.spark.deploy.PythonRunner
[2025-06-05T08:48:19.302+0000] {spark_submit.py:521} INFO - Arguments:
[2025-06-05T08:48:19.303+0000] {spark_submit.py:521} INFO - file:/app/wordcount.py
[2025-06-05T08:48:19.303+0000] {spark_submit.py:521} INFO - null
[2025-06-05T08:48:19.305+0000] {spark_submit.py:521} INFO - Spark config:
[2025-06-05T08:48:19.306+0000] {spark_submit.py:521} INFO - (spark.app.name,arrow-spark)
[2025-06-05T08:48:19.306+0000] {spark_submit.py:521} INFO - (spark.app.submitTime,1749113299283)
[2025-06-05T08:48:19.306+0000] {spark_submit.py:521} INFO - (spark.master,spark://spark-master:7077)
[2025-06-05T08:48:19.307+0000] {spark_submit.py:521} INFO - (spark.submit.deployMode,client)
[2025-06-05T08:48:19.307+0000] {spark_submit.py:521} INFO - (spark.submit.pyFiles,)
[2025-06-05T08:48:19.307+0000] {spark_submit.py:521} INFO - Classpath elements:
[2025-06-05T08:48:19.308+0000] {spark_submit.py:521} INFO - 
[2025-06-05T08:48:19.308+0000] {spark_submit.py:521} INFO - 
[2025-06-05T08:48:19.308+0000] {spark_submit.py:521} INFO - 
[2025-06-05T08:48:19.391+0000] {spark_submit.py:521} INFO - python3: can't open file '/app/wordcount.py': [Errno 2] No such file or directory
[2025-06-05T08:48:19.402+0000] {spark_submit.py:521} INFO - 25/06/05 08:48:19 INFO ShutdownHookManager: Shutdown hook called
[2025-06-05T08:48:19.404+0000] {spark_submit.py:521} INFO - 25/06/05 08:48:19 INFO ShutdownHookManager: Deleting directory /tmp/spark-6e3a96f6-2df0-4908-878f-563ba1bfe655
[2025-06-05T08:48:19.440+0000] {taskinstance.py:3313} ERROR - Task failed with exception
Traceback (most recent call last):
  File "/home/airflow/.local/lib/python3.12/site-packages/airflow/models/taskinstance.py", line 768, in _execute_task
    result = _execute_callable(context=context, **execute_callable_kwargs)
             ^^^^^^^^^^^^^^^^^^^^^^^^^^^^^^^^^^^^^^^^^^^^^^^^^^^^^^^^^^^^^
  File "/home/airflow/.local/lib/python3.12/site-packages/airflow/models/taskinstance.py", line 734, in _execute_callable
    return ExecutionCallableRunner(
           ^^^^^^^^^^^^^^^^^^^^^^^^
  File "/home/airflow/.local/lib/python3.12/site-packages/airflow/utils/operator_helpers.py", line 252, in run
    return self.func(*args, **kwargs)
           ^^^^^^^^^^^^^^^^^^^^^^^^^^
  File "/home/airflow/.local/lib/python3.12/site-packages/airflow/models/baseoperator.py", line 424, in wrapper
    return func(self, *args, **kwargs)
           ^^^^^^^^^^^^^^^^^^^^^^^^^^^
  File "/home/airflow/.local/lib/python3.12/site-packages/airflow/providers/apache/spark/operators/spark_submit.py", line 156, in execute
    self._hook.submit(self._application)
  File "/home/airflow/.local/lib/python3.12/site-packages/airflow/providers/apache/spark/hooks/spark_submit.py", line 452, in submit
    raise AirflowException(
airflow.exceptions.AirflowException: Cannot execute: spark-submit --master spark://spark-master:7077 --name arrow-spark --verbose /app/wordcount.py. Error code is: 2.
[2025-06-05T08:48:19.448+0000] {taskinstance.py:1226} INFO - Marking task as FAILED. dag_id=spark_wordcount, task_id=run_wordcount, run_id=manual__2025-06-05T08:48:16.599257+00:00, execution_date=20250605T084816, start_date=20250605T084817, end_date=20250605T084819
[2025-06-05T08:48:19.469+0000] {taskinstance.py:341} INFO - ::group::Post task execution logs
[2025-06-05T08:48:19.470+0000] {standard_task_runner.py:124} ERROR - Failed to execute job 3 for task run_wordcount (Cannot execute: spark-submit --master spark://spark-master:7077 --name arrow-spark --verbose /app/wordcount.py. Error code is: 2.; 472)
Traceback (most recent call last):
  File "/home/airflow/.local/lib/python3.12/site-packages/airflow/task/task_runner/standard_task_runner.py", line 117, in _start_by_fork
    ret = args.func(args, dag=self.dag)
          ^^^^^^^^^^^^^^^^^^^^^^^^^^^^^
  File "/home/airflow/.local/lib/python3.12/site-packages/airflow/cli/cli_config.py", line 49, in command
    return func(*args, **kwargs)
           ^^^^^^^^^^^^^^^^^^^^^
  File "/home/airflow/.local/lib/python3.12/site-packages/airflow/utils/cli.py", line 116, in wrapper
    return f(*args, **kwargs)
           ^^^^^^^^^^^^^^^^^^
  File "/home/airflow/.local/lib/python3.12/site-packages/airflow/cli/commands/task_command.py", line 483, in task_run
    task_return_code = _run_task_by_selected_method(args, _dag, ti)
                       ^^^^^^^^^^^^^^^^^^^^^^^^^^^^^^^^^^^^^^^^^^^^
  File "/home/airflow/.local/lib/python3.12/site-packages/airflow/cli/commands/task_command.py", line 256, in _run_task_by_selected_method
    return _run_raw_task(args, ti)
           ^^^^^^^^^^^^^^^^^^^^^^^
  File "/home/airflow/.local/lib/python3.12/site-packages/airflow/cli/commands/task_command.py", line 341, in _run_raw_task
    return ti._run_raw_task(
           ^^^^^^^^^^^^^^^^^
  File "/home/airflow/.local/lib/python3.12/site-packages/airflow/utils/session.py", line 97, in wrapper
    return func(*args, session=session, **kwargs)
           ^^^^^^^^^^^^^^^^^^^^^^^^^^^^^^^^^^^^^^
  File "/home/airflow/.local/lib/python3.12/site-packages/airflow/models/taskinstance.py", line 3006, in _run_raw_task
    return _run_raw_task(
           ^^^^^^^^^^^^^^
  File "/home/airflow/.local/lib/python3.12/site-packages/airflow/models/taskinstance.py", line 274, in _run_raw_task
    TaskInstance._execute_task_with_callbacks(
  File "/home/airflow/.local/lib/python3.12/site-packages/airflow/models/taskinstance.py", line 3161, in _execute_task_with_callbacks
    result = self._execute_task(context, task_orig)
             ^^^^^^^^^^^^^^^^^^^^^^^^^^^^^^^^^^^^^^
  File "/home/airflow/.local/lib/python3.12/site-packages/airflow/models/taskinstance.py", line 3185, in _execute_task
    return _execute_task(self, context, task_orig)
           ^^^^^^^^^^^^^^^^^^^^^^^^^^^^^^^^^^^^^^^
  File "/home/airflow/.local/lib/python3.12/site-packages/airflow/models/taskinstance.py", line 768, in _execute_task
    result = _execute_callable(context=context, **execute_callable_kwargs)
             ^^^^^^^^^^^^^^^^^^^^^^^^^^^^^^^^^^^^^^^^^^^^^^^^^^^^^^^^^^^^^
  File "/home/airflow/.local/lib/python3.12/site-packages/airflow/models/taskinstance.py", line 734, in _execute_callable
    return ExecutionCallableRunner(
           ^^^^^^^^^^^^^^^^^^^^^^^^
  File "/home/airflow/.local/lib/python3.12/site-packages/airflow/utils/operator_helpers.py", line 252, in run
    return self.func(*args, **kwargs)
           ^^^^^^^^^^^^^^^^^^^^^^^^^^
  File "/home/airflow/.local/lib/python3.12/site-packages/airflow/models/baseoperator.py", line 424, in wrapper
    return func(self, *args, **kwargs)
           ^^^^^^^^^^^^^^^^^^^^^^^^^^^
  File "/home/airflow/.local/lib/python3.12/site-packages/airflow/providers/apache/spark/operators/spark_submit.py", line 156, in execute
    self._hook.submit(self._application)
  File "/home/airflow/.local/lib/python3.12/site-packages/airflow/providers/apache/spark/hooks/spark_submit.py", line 452, in submit
    raise AirflowException(
airflow.exceptions.AirflowException: Cannot execute: spark-submit --master spark://spark-master:7077 --name arrow-spark --verbose /app/wordcount.py. Error code is: 2.
[2025-06-05T08:48:19.506+0000] {local_task_job_runner.py:266} INFO - Task exited with return code 1
[2025-06-05T08:48:19.519+0000] {taskinstance.py:3901} INFO - 0 downstream tasks scheduled from follow-on schedule check
[2025-06-05T08:48:19.521+0000] {local_task_job_runner.py:245} INFO - ::endgroup::
